--2015-06-06 23:55:01--  http://aicom:*password*@www.localerte.fr/inclusion/prive/maintenance.php
Resolving www.localerte.fr... 188.165.211.144
Connecting to www.localerte.fr|188.165.211.144|:80... connected.
HTTP request sent, awaiting response... 401 Authorization Required
Reusing existing connection to www.localerte.fr:80.
HTTP request sent, awaiting response... 200 OK
Length: unspecified [text/html]
Saving to: `/var/www/vhost/aicom/localerte.fr/inclusion/prive/cron/maintenance.html'

     0K .......... .......... .......... .......... .......... 3.13K
    50K .......... .......... .......... .......... ..........  947 
   100K .......... .......... .......... .......... .......... 1.86K
   150K .......... .......... .......... .......... .......... 2.65K
   200K .......... .......... .......... .......... .......... 16.9 
   250K .......... .......... .......... .......... .......... 1.03K
   300K .......... .......... .......... .......... .......... 1.40M
   350K .......... .......... .......... .......... .......... 7.34K
   400K .......... .......... .......... .......... .......... 38.3K
   450K .......... .......... .......... .......... .......... 9.90K
   500K .......... .......... .......... .......... .......... 57.1K
   550K .......... .......... .......... .......... .......... 63.1K
   600K .......... .......... .......... .......... .......... 36.0K
   650K .......... .......... .......... .......... ..........  603K
   700K .......... .......... .......... .......... ..........  531K
   750K .......... .......... .......... .......... ..........  861K
   800K .......... .......... .......... .......... .......... 2.29M
   850K .......... .......... .......... .......... .......... 1.21M
   900K .......... .......... .......... .......... ..........  720K
   950K .......... .......... .......... .......... .......... 2.75M
  1000K .......... .......... .......... .......... .......... 9.41M
  1050K .......... .......... .......... .......... .......... 13.3K
  1100K .......... .......... .......... .......... .......... 1.94M
  1150K .......... .......... .......... .......... .......... 1.62M
  1200K .......... .......... .......... .......... ..........  697K
  1250K .......... .......... .......... .......... .......... 25.4K
  1300K .......... .......... .......... .......... .......... 4.18M
  1350K .......... .......... .......... .......... .......... 4.31M
  1400K .......... .......... ....                             41.6K=53m37s

2015-06-07 00:48:38 (453 B/s) - `/var/www/vhost/aicom/localerte.fr/inclusion/prive/cron/maintenance.html' saved [1458448]

