This is pdfTeX, Version 3.1415926-2.4-1.40.13 (MiKTeX 2.9 64-bit) (preloaded format=pdflatex 2014.4.18)  2 AUG 2014 14:03
entering extended mode
**D:/Polytech-Nice_Sophia/Elec4/semestre2/projet/DocTeX/slides-latex_Final_v2/s
lideO.tex

(D:/Polytech-Nice_Sophia/Elec4/semestre2/projet/DocTeX/slides-latex_Final_v2/sl
ideO.tex
LaTeX2e <2011/06/27>
Babel <v3.8m> and hyphenation patterns for english, afrikaans, ancientgreek, ar
abic, armenian, assamese, basque, bengali, bokmal, bulgarian, catalan, coptic, 
croatian, czech, danish, dutch, esperanto, estonian, farsi, finnish, french, ga
lician, german, german-x-2012-05-30, greek, gujarati, hindi, hungarian, iceland
ic, indonesian, interlingua, irish, italian, kannada, kurmanji, latin, latvian,
 lithuanian, malayalam, marathi, mongolian, mongolianlmc, monogreek, ngerman, n
german-x-2012-05-30, nynorsk, oriya, panjabi, pinyin, polish, portuguese, roman
ian, russian, sanskrit, serbian, slovak, slovenian, spanish, swedish, swissgerm
an, tamil, telugu, turkish, turkmen, ukenglish, ukrainian, uppersorbian, usengl
ishmax, welsh, loaded.
(K:\programs\tex\latex\beamer\base\beamer.cls
(K:\programs\tex\latex\beamer\base\beamerbasercs.sty
Package: beamerbasercs 2013/01/04 (rcs-revision 9a97a4eee358)
)
Document Class: beamer 2013/01/04 3.26 A class for typesetting presentations (r
cs-revision e81e0c94bcc6)
(K:\programs\tex\latex\beamer\base\beamerbasemodes.sty
Package: beamerbasemodes 2012/04/15 (rcs-revision cc6557182d97)
\beamer@tempbox=\box26
\beamer@tempcount=\count79
\c@beamerpauses=\count80

(K:\programs\tex\latex\beamer\base\beamerbasedecode.sty
Package: beamerbasedecode 2010/05/01 (rcs-revision efa082c6111d)
\beamer@slideinframe=\count81
\beamer@minimum=\count82
)
\beamer@commentbox=\box27
\beamer@modecount=\count83
)
(K:\programs\tex\generic\oberdiek\ifpdf.sty
Package: ifpdf 2011/01/30 v2.3 Provides the ifpdf switch (HO)
Package ifpdf Info: pdfTeX in PDF mode is detected.
)
\headheight=\dimen102
\headdp=\dimen103
\footheight=\dimen104
\sidebarheight=\dimen105
\beamer@tempdim=\dimen106
\beamer@finalheight=\dimen107
\beamer@animht=\dimen108
\beamer@animdp=\dimen109
\beamer@animwd=\dimen110
\beamer@leftmargin=\dimen111
\beamer@rightmargin=\dimen112
\beamer@leftsidebar=\dimen113
\beamer@rightsidebar=\dimen114
\beamer@boxsize=\dimen115
\beamer@vboxoffset=\dimen116
\beamer@descdefault=\dimen117
\beamer@descriptionwidth=\dimen118
\beamer@lastskip=\skip41
\beamer@areabox=\box28
\beamer@animcurrent=\box29
\beamer@animshowbox=\box30
\beamer@sectionbox=\box31
\beamer@logobox=\box32
\beamer@linebox=\box33
\beamer@sectioncount=\count84
\beamer@subsubsectionmax=\count85
\beamer@subsectionmax=\count86
\beamer@sectionmax=\count87
\beamer@totalheads=\count88
\beamer@headcounter=\count89
\beamer@partstartpage=\count90
\beamer@sectionstartpage=\count91
\beamer@subsectionstartpage=\count92
\beamer@animationtempa=\count93
\beamer@animationtempb=\count94
\beamer@xpos=\count95
\beamer@ypos=\count96
\beamer@showpartnumber=\count97
\beamer@currentsubsection=\count98
\beamer@coveringdepth=\count99
\beamer@sectionadjust=\count100
\beamer@tocsectionnumber=\count101

(K:\programs\tex\latex\beamer\base\beamerbaseoptions.sty
Package: beamerbaseoptions 2010/04/27 (rcs-revision 982469101dd6)

(K:\programs\tex\latex\graphics\keyval.sty
Package: keyval 1999/03/16 v1.13 key=value parser (DPC)
\KV@toks@=\toks14
))
\beamer@paperwidth=\skip42
\beamer@paperheight=\skip43

(K:\programs\tex\latex\geometry\geometry.sty
Package: geometry 2010/09/12 v5.6 Page Geometry

(K:\programs\tex\generic\oberdiek\ifvtex.sty
Package: ifvtex 2010/03/01 v1.5 Detect VTeX and its facilities (HO)
Package ifvtex Info: VTeX not detected.
)
(K:\programs\tex\generic\ifxetex\ifxetex.sty
Package: ifxetex 2010/09/12 v0.6 Provides ifxetex conditional
)
\Gm@cnth=\count102
\Gm@cntv=\count103
\c@Gm@tempcnt=\count104
\Gm@bindingoffset=\dimen119
\Gm@wd@mp=\dimen120
\Gm@odd@mp=\dimen121
\Gm@even@mp=\dimen122
\Gm@layoutwidth=\dimen123
\Gm@layoutheight=\dimen124
\Gm@layouthoffset=\dimen125
\Gm@layoutvoffset=\dimen126
\Gm@dimlist=\toks15

(K:\programs\tex\latex\geometry\geometry.cfg))

Class beamer Warning: This option works no longer loads ucs. on input line 345.


(K:\programs\tex\latex\base\inputenc.sty
Package: inputenc 2008/03/30 v1.1d Input encoding file
\inpenc@prehook=\toks16
\inpenc@posthook=\toks17
 (K:\programs\tex\latex\base\utf8.def
File: utf8.def 2008/04/05 v1.1m UTF-8 support for inputenc
Now handling font encoding OML ...
... no UTF-8 mapping file for font encoding OML
Now handling font encoding T1 ...
... processing UTF-8 mapping file for font encoding T1

(K:\programs\tex\latex\base\t1enc.dfu
File: t1enc.dfu 2008/04/05 v1.1m UTF-8 support for inputenc
   defining Unicode char U+00A1 (decimal 161)
   defining Unicode char U+00A3 (decimal 163)
   defining Unicode char U+00AB (decimal 171)
   defining Unicode char U+00BB (decimal 187)
   defining Unicode char U+00BF (decimal 191)
   defining Unicode char U+00C0 (decimal 192)
   defining Unicode char U+00C1 (decimal 193)
   defining Unicode char U+00C2 (decimal 194)
   defining Unicode char U+00C3 (decimal 195)
   defining Unicode char U+00C4 (decimal 196)
   defining Unicode char U+00C5 (decimal 197)
   defining Unicode char U+00C6 (decimal 198)
   defining Unicode char U+00C7 (decimal 199)
   defining Unicode char U+00C8 (decimal 200)
   defining Unicode char U+00C9 (decimal 201)
   defining Unicode char U+00CA (decimal 202)
   defining Unicode char U+00CB (decimal 203)
   defining Unicode char U+00CC (decimal 204)
   defining Unicode char U+00CD (decimal 205)
   defining Unicode char U+00CE (decimal 206)
   defining Unicode char U+00CF (decimal 207)
   defining Unicode char U+00D0 (decimal 208)
   defining Unicode char U+00D1 (decimal 209)
   defining Unicode char U+00D2 (decimal 210)
   defining Unicode char U+00D3 (decimal 211)
   defining Unicode char U+00D4 (decimal 212)
   defining Unicode char U+00D5 (decimal 213)
   defining Unicode char U+00D6 (decimal 214)
   defining Unicode char U+00D8 (decimal 216)
   defining Unicode char U+00D9 (decimal 217)
   defining Unicode char U+00DA (decimal 218)
   defining Unicode char U+00DB (decimal 219)
   defining Unicode char U+00DC (decimal 220)
   defining Unicode char U+00DD (decimal 221)
   defining Unicode char U+00DE (decimal 222)
   defining Unicode char U+00DF (decimal 223)
   defining Unicode char U+00E0 (decimal 224)
   defining Unicode char U+00E1 (decimal 225)
   defining Unicode char U+00E2 (decimal 226)
   defining Unicode char U+00E3 (decimal 227)
   defining Unicode char U+00E4 (decimal 228)
   defining Unicode char U+00E5 (decimal 229)
   defining Unicode char U+00E6 (decimal 230)
   defining Unicode char U+00E7 (decimal 231)
   defining Unicode char U+00E8 (decimal 232)
   defining Unicode char U+00E9 (decimal 233)
   defining Unicode char U+00EA (decimal 234)
   defining Unicode char U+00EB (decimal 235)
   defining Unicode char U+00EC (decimal 236)
   defining Unicode char U+00ED (decimal 237)
   defining Unicode char U+00EE (decimal 238)
   defining Unicode char U+00EF (decimal 239)
   defining Unicode char U+00F0 (decimal 240)
   defining Unicode char U+00F1 (decimal 241)
   defining Unicode char U+00F2 (decimal 242)
   defining Unicode char U+00F3 (decimal 243)
   defining Unicode char U+00F4 (decimal 244)
   defining Unicode char U+00F5 (decimal 245)
   defining Unicode char U+00F6 (decimal 246)
   defining Unicode char U+00F8 (decimal 248)
   defining Unicode char U+00F9 (decimal 249)
   defining Unicode char U+00FA (decimal 250)
   defining Unicode char U+00FB (decimal 251)
   defining Unicode char U+00FC (decimal 252)
   defining Unicode char U+00FD (decimal 253)
   defining Unicode char U+00FE (decimal 254)
   defining Unicode char U+00FF (decimal 255)
   defining Unicode char U+0102 (decimal 258)
   defining Unicode char U+0103 (decimal 259)
   defining Unicode char U+0104 (decimal 260)
   defining Unicode char U+0105 (decimal 261)
   defining Unicode char U+0106 (decimal 262)
   defining Unicode char U+0107 (decimal 263)
   defining Unicode char U+010C (decimal 268)
   defining Unicode char U+010D (decimal 269)
   defining Unicode char U+010E (decimal 270)
   defining Unicode char U+010F (decimal 271)
   defining Unicode char U+0110 (decimal 272)
   defining Unicode char U+0111 (decimal 273)
   defining Unicode char U+0118 (decimal 280)
   defining Unicode char U+0119 (decimal 281)
   defining Unicode char U+011A (decimal 282)
   defining Unicode char U+011B (decimal 283)
   defining Unicode char U+011E (decimal 286)
   defining Unicode char U+011F (decimal 287)
   defining Unicode char U+0130 (decimal 304)
   defining Unicode char U+0131 (decimal 305)
   defining Unicode char U+0132 (decimal 306)
   defining Unicode char U+0133 (decimal 307)
   defining Unicode char U+0139 (decimal 313)
   defining Unicode char U+013A (decimal 314)
   defining Unicode char U+013D (decimal 317)
   defining Unicode char U+013E (decimal 318)
   defining Unicode char U+0141 (decimal 321)
   defining Unicode char U+0142 (decimal 322)
   defining Unicode char U+0143 (decimal 323)
   defining Unicode char U+0144 (decimal 324)
   defining Unicode char U+0147 (decimal 327)
   defining Unicode char U+0148 (decimal 328)
   defining Unicode char U+014A (decimal 330)
   defining Unicode char U+014B (decimal 331)
   defining Unicode char U+0150 (decimal 336)
   defining Unicode char U+0151 (decimal 337)
   defining Unicode char U+0152 (decimal 338)
   defining Unicode char U+0153 (decimal 339)
   defining Unicode char U+0154 (decimal 340)
   defining Unicode char U+0155 (decimal 341)
   defining Unicode char U+0158 (decimal 344)
   defining Unicode char U+0159 (decimal 345)
   defining Unicode char U+015A (decimal 346)
   defining Unicode char U+015B (decimal 347)
   defining Unicode char U+015E (decimal 350)
   defining Unicode char U+015F (decimal 351)
   defining Unicode char U+0160 (decimal 352)
   defining Unicode char U+0161 (decimal 353)
   defining Unicode char U+0162 (decimal 354)
   defining Unicode char U+0163 (decimal 355)
   defining Unicode char U+0164 (decimal 356)
   defining Unicode char U+0165 (decimal 357)
   defining Unicode char U+016E (decimal 366)
   defining Unicode char U+016F (decimal 367)
   defining Unicode char U+0170 (decimal 368)
   defining Unicode char U+0171 (decimal 369)
   defining Unicode char U+0178 (decimal 376)
   defining Unicode char U+0179 (decimal 377)
   defining Unicode char U+017A (decimal 378)
   defining Unicode char U+017B (decimal 379)
   defining Unicode char U+017C (decimal 380)
   defining Unicode char U+017D (decimal 381)
   defining Unicode char U+017E (decimal 382)
   defining Unicode char U+200C (decimal 8204)
   defining Unicode char U+2013 (decimal 8211)
   defining Unicode char U+2014 (decimal 8212)
   defining Unicode char U+2018 (decimal 8216)
   defining Unicode char U+2019 (decimal 8217)
   defining Unicode char U+201A (decimal 8218)
   defining Unicode char U+201C (decimal 8220)
   defining Unicode char U+201D (decimal 8221)
   defining Unicode char U+201E (decimal 8222)
   defining Unicode char U+2030 (decimal 8240)
   defining Unicode char U+2031 (decimal 8241)
   defining Unicode char U+2039 (decimal 8249)
   defining Unicode char U+203A (decimal 8250)
   defining Unicode char U+2423 (decimal 9251)
)
Now handling font encoding OT1 ...
... processing UTF-8 mapping file for font encoding OT1
 (K:\programs\tex\latex\base\ot1enc.dfu
File: ot1enc.dfu 2008/04/05 v1.1m UTF-8 support for inputenc
   defining Unicode char U+00A1 (decimal 161)
   defining Unicode char U+00A3 (decimal 163)
   defining Unicode char U+00B8 (decimal 184)
   defining Unicode char U+00BF (decimal 191)
   defining Unicode char U+00C5 (decimal 197)
   defining Unicode char U+00C6 (decimal 198)
   defining Unicode char U+00D8 (decimal 216)
   defining Unicode char U+00DF (decimal 223)
   defining Unicode char U+00E6 (decimal 230)
   defining Unicode char U+00EC (decimal 236)
   defining Unicode char U+00ED (decimal 237)
   defining Unicode char U+00EE (decimal 238)
   defining Unicode char U+00EF (decimal 239)
   defining Unicode char U+00F8 (decimal 248)
   defining Unicode char U+0131 (decimal 305)
   defining Unicode char U+0141 (decimal 321)
   defining Unicode char U+0142 (decimal 322)
   defining Unicode char U+0152 (decimal 338)
   defining Unicode char U+0153 (decimal 339)
   defining Unicode char U+2013 (decimal 8211)
   defining Unicode char U+2014 (decimal 8212)
   defining Unicode char U+2018 (decimal 8216)
   defining Unicode char U+2019 (decimal 8217)
   defining Unicode char U+201C (decimal 8220)
   defining Unicode char U+201D (decimal 8221)
)
Now handling font encoding OMS ...
... processing UTF-8 mapping file for font encoding OMS

(K:\programs\tex\latex\base\omsenc.dfu
File: omsenc.dfu 2008/04/05 v1.1m UTF-8 support for inputenc
   defining Unicode char U+00A7 (decimal 167)
   defining Unicode char U+00B6 (decimal 182)
   defining Unicode char U+00B7 (decimal 183)
   defining Unicode char U+2020 (decimal 8224)
   defining Unicode char U+2021 (decimal 8225)
   defining Unicode char U+2022 (decimal 8226)
)
Now handling font encoding OMX ...
... no UTF-8 mapping file for font encoding OMX
Now handling font encoding U ...
... no UTF-8 mapping file for font encoding U
   defining Unicode char U+00A9 (decimal 169)
   defining Unicode char U+00AA (decimal 170)
   defining Unicode char U+00AE (decimal 174)
   defining Unicode char U+00BA (decimal 186)
   defining Unicode char U+02C6 (decimal 710)
   defining Unicode char U+02DC (decimal 732)
   defining Unicode char U+200C (decimal 8204)
   defining Unicode char U+2026 (decimal 8230)
   defining Unicode char U+2122 (decimal 8482)
   defining Unicode char U+2423 (decimal 9251)
))
(K:\programs\tex\latex\base\size11.clo
File: size11.clo 2007/10/19 v1.4h Standard LaTeX file (size option)
)
(K:\programs\tex\latex\pgf\basiclayer\pgfcore.sty
(K:\programs\tex\latex\graphics\graphicx.sty
Package: graphicx 1999/02/16 v1.0f Enhanced LaTeX Graphics (DPC,SPQR)

(K:\programs\tex\latex\graphics\graphics.sty
Package: graphics 2009/02/05 v1.0o Standard LaTeX Graphics (DPC,SPQR)

(K:\programs\tex\latex\graphics\trig.sty
Package: trig 1999/03/16 v1.09 sin cos tan (DPC)
)
(K:\programs\tex\latex\00miktex\graphics.cfg
File: graphics.cfg 2007/01/18 v1.5 graphics configuration of teTeX/TeXLive
)
Package graphics Info: Driver file: pdftex.def on input line 91.

(K:\programs\tex\latex\pdftex-def\pdftex.def
File: pdftex.def 2011/05/27 v0.06d Graphics/color for pdfTeX

(K:\programs\tex\generic\oberdiek\infwarerr.sty
Package: infwarerr 2010/04/08 v1.3 Providing info/warning/error messages (HO)
)
(K:\programs\tex\generic\oberdiek\ltxcmds.sty
Package: ltxcmds 2011/11/09 v1.22 LaTeX kernel commands for general use (HO)
)
\Gread@gobject=\count105
))
\Gin@req@height=\dimen127
\Gin@req@width=\dimen128
)
(K:\programs\tex\latex\pgf\systemlayer\pgfsys.sty
(K:\programs\tex\latex\pgf\utilities\pgfrcs.sty
(K:\programs\tex\generic\pgf\utilities\pgfutil-common.tex
\pgfutil@everybye=\toks18
)
(K:\programs\tex\generic\pgf\utilities\pgfutil-latex.def
\pgfutil@abb=\box34

(K:\programs\tex\latex\ms\everyshi.sty
Package: everyshi 2001/05/15 v3.00 EveryShipout Package (MS)
))
(K:\programs\tex\generic\pgf\utilities\pgfrcs.code.tex
Package: pgfrcs 2010/10/25 v2.10 (rcs-revision 1.24)
))
(K:\programs\tex\generic\pgf\systemlayer\pgfsys.code.tex
Package: pgfsys 2010/06/30 v2.10 (rcs-revision 1.37)

(K:\programs\tex\generic\pgf\utilities\pgfkeys.code.tex
\pgfkeys@pathtoks=\toks19
\pgfkeys@temptoks=\toks20

(K:\programs\tex\generic\pgf\utilities\pgfkeysfiltered.code.tex
\pgfkeys@tmptoks=\toks21
))
\pgf@x=\dimen129
\pgf@y=\dimen130
\pgf@xa=\dimen131
\pgf@ya=\dimen132
\pgf@xb=\dimen133
\pgf@yb=\dimen134
\pgf@xc=\dimen135
\pgf@yc=\dimen136
\w@pgf@writea=\write3
\r@pgf@reada=\read1
\c@pgf@counta=\count106
\c@pgf@countb=\count107
\c@pgf@countc=\count108
\c@pgf@countd=\count109

(K:\programs\tex\generic\pgf\systemlayer\pgf.cfg
File: pgf.cfg 2008/05/14  (rcs-revision 1.7)
)
Package pgfsys Info: Driver file for pgf: pgfsys-pdftex.def on input line 900.

(K:\programs\tex\generic\pgf\systemlayer\pgfsys-pdftex.def
File: pgfsys-pdftex.def 2009/05/22  (rcs-revision 1.26)

(K:\programs\tex\generic\pgf\systemlayer\pgfsys-common-pdf.def
File: pgfsys-common-pdf.def 2008/05/19  (rcs-revision 1.10)
)))
(K:\programs\tex\generic\pgf\systemlayer\pgfsyssoftpath.code.tex
File: pgfsyssoftpath.code.tex 2008/07/18  (rcs-revision 1.7)
\pgfsyssoftpath@smallbuffer@items=\count110
\pgfsyssoftpath@bigbuffer@items=\count111
)
(K:\programs\tex\generic\pgf\systemlayer\pgfsysprotocol.code.tex
File: pgfsysprotocol.code.tex 2006/10/16  (rcs-revision 1.4)
))
(K:\programs\tex\latex\xcolor\xcolor.sty
Package: xcolor 2007/01/21 v2.11 LaTeX color extensions (UK)

(K:\programs\tex\latex\00miktex\color.cfg
File: color.cfg 2007/01/18 v1.5 color configuration of teTeX/TeXLive
)
Package xcolor Info: Driver file: pdftex.def on input line 225.
Package xcolor Info: Model `cmy' substituted by `cmy0' on input line 1337.
Package xcolor Info: Model `hsb' substituted by `rgb' on input line 1341.
Package xcolor Info: Model `RGB' extended on input line 1353.
Package xcolor Info: Model `HTML' substituted by `rgb' on input line 1355.
Package xcolor Info: Model `Hsb' substituted by `hsb' on input line 1356.
Package xcolor Info: Model `tHsb' substituted by `hsb' on input line 1357.
Package xcolor Info: Model `HSB' substituted by `hsb' on input line 1358.
Package xcolor Info: Model `Gray' substituted by `gray' on input line 1359.
Package xcolor Info: Model `wave' substituted by `hsb' on input line 1360.
)
(K:\programs\tex\generic\pgf\basiclayer\pgfcore.code.tex
Package: pgfcore 2010/04/11 v2.10 (rcs-revision 1.7)

(K:\programs\tex\generic\pgf\math\pgfmath.code.tex
(K:\programs\tex\generic\pgf\math\pgfmathcalc.code.tex
(K:\programs\tex\generic\pgf\math\pgfmathutil.code.tex)
(K:\programs\tex\generic\pgf\math\pgfmathparser.code.tex
\pgfmath@dimen=\dimen137
\pgfmath@count=\count112
\pgfmath@box=\box35
\pgfmath@toks=\toks22
\pgfmath@stack@operand=\toks23
\pgfmath@stack@operation=\toks24
)
(K:\programs\tex\generic\pgf\math\pgfmathfunctions.code.tex
(K:\programs\tex\generic\pgf\math\pgfmathfunctions.basic.code.tex)
(K:\programs\tex\generic\pgf\math\pgfmathfunctions.trigonometric.code.tex)
(K:\programs\tex\generic\pgf\math\pgfmathfunctions.random.code.tex)
(K:\programs\tex\generic\pgf\math\pgfmathfunctions.comparison.code.tex)
(K:\programs\tex\generic\pgf\math\pgfmathfunctions.base.code.tex)
(K:\programs\tex\generic\pgf\math\pgfmathfunctions.round.code.tex)
(K:\programs\tex\generic\pgf\math\pgfmathfunctions.misc.code.tex)))
(K:\programs\tex\generic\pgf\math\pgfmathfloat.code.tex
\c@pgfmathroundto@lastzeros=\count113
))
(K:\programs\tex\generic\pgf\basiclayer\pgfcorepoints.code.tex
File: pgfcorepoints.code.tex 2010/04/09  (rcs-revision 1.20)
\pgf@picminx=\dimen138
\pgf@picmaxx=\dimen139
\pgf@picminy=\dimen140
\pgf@picmaxy=\dimen141
\pgf@pathminx=\dimen142
\pgf@pathmaxx=\dimen143
\pgf@pathminy=\dimen144
\pgf@pathmaxy=\dimen145
\pgf@xx=\dimen146
\pgf@xy=\dimen147
\pgf@yx=\dimen148
\pgf@yy=\dimen149
\pgf@zx=\dimen150
\pgf@zy=\dimen151
)
(K:\programs\tex\generic\pgf\basiclayer\pgfcorepathconstruct.code.tex
File: pgfcorepathconstruct.code.tex 2010/08/03  (rcs-revision 1.24)
\pgf@path@lastx=\dimen152
\pgf@path@lasty=\dimen153
)
(K:\programs\tex\generic\pgf\basiclayer\pgfcorepathusage.code.tex
File: pgfcorepathusage.code.tex 2008/04/22  (rcs-revision 1.12)
\pgf@shorten@end@additional=\dimen154
\pgf@shorten@start@additional=\dimen155
)
(K:\programs\tex\generic\pgf\basiclayer\pgfcorescopes.code.tex
File: pgfcorescopes.code.tex 2010/09/08  (rcs-revision 1.34)
\pgfpic=\box36
\pgf@hbox=\box37
\pgf@layerbox@main=\box38
\pgf@picture@serial@count=\count114
)
(K:\programs\tex\generic\pgf\basiclayer\pgfcoregraphicstate.code.tex
File: pgfcoregraphicstate.code.tex 2008/04/22  (rcs-revision 1.9)
\pgflinewidth=\dimen156
)
(K:\programs\tex\generic\pgf\basiclayer\pgfcoretransformations.code.tex
File: pgfcoretransformations.code.tex 2009/06/10  (rcs-revision 1.11)
\pgf@pt@x=\dimen157
\pgf@pt@y=\dimen158
\pgf@pt@temp=\dimen159
)
(K:\programs\tex\generic\pgf\basiclayer\pgfcorequick.code.tex
File: pgfcorequick.code.tex 2008/10/09  (rcs-revision 1.3)
)
(K:\programs\tex\generic\pgf\basiclayer\pgfcoreobjects.code.tex
File: pgfcoreobjects.code.tex 2006/10/11  (rcs-revision 1.2)
)
(K:\programs\tex\generic\pgf\basiclayer\pgfcorepathprocessing.code.tex
File: pgfcorepathprocessing.code.tex 2008/10/09  (rcs-revision 1.8)
)
(K:\programs\tex\generic\pgf\basiclayer\pgfcorearrows.code.tex
File: pgfcorearrows.code.tex 2008/04/23  (rcs-revision 1.11)
)
(K:\programs\tex\generic\pgf\basiclayer\pgfcoreshade.code.tex
File: pgfcoreshade.code.tex 2008/11/23  (rcs-revision 1.13)
\pgf@max=\dimen160
\pgf@sys@shading@range@num=\count115
)
(K:\programs\tex\generic\pgf\basiclayer\pgfcoreimage.code.tex
File: pgfcoreimage.code.tex 2010/03/25  (rcs-revision 1.16)

(K:\programs\tex\generic\pgf\basiclayer\pgfcoreexternal.code.tex
File: pgfcoreexternal.code.tex 2010/09/01  (rcs-revision 1.17)
\pgfexternal@startupbox=\box39
))
(K:\programs\tex\generic\pgf\basiclayer\pgfcorelayers.code.tex
File: pgfcorelayers.code.tex 2010/08/27  (rcs-revision 1.2)
)
(K:\programs\tex\generic\pgf\basiclayer\pgfcoretransparency.code.tex
File: pgfcoretransparency.code.tex 2008/01/17  (rcs-revision 1.2)
)
(K:\programs\tex\generic\pgf\basiclayer\pgfcorepatterns.code.tex
File: pgfcorepatterns.code.tex 2009/07/02  (rcs-revision 1.3)
)))
(K:\programs\tex\latex\pgf\utilities\xxcolor.sty
Package: xxcolor 2003/10/24 ver 0.1
\XC@nummixins=\count116
\XC@countmixins=\count117
)
(K:\programs\tex\latex\hyperref\hyperref.sty
Package: hyperref 2012/11/06 v6.83m Hypertext links for LaTeX

(K:\programs\tex\generic\oberdiek\hobsub-hyperref.sty
Package: hobsub-hyperref 2012/04/25 v1.12 Bundle oberdiek, subset hyperref (HO)


(K:\programs\tex\generic\oberdiek\hobsub-generic.sty
Package: hobsub-generic 2012/04/25 v1.12 Bundle oberdiek, subset generic (HO)
Package: hobsub 2012/04/25 v1.12 Construct package bundles (HO)
Package hobsub Info: Skipping package `infwarerr' (already loaded).
Package hobsub Info: Skipping package `ltxcmds' (already loaded).
Package: ifluatex 2010/03/01 v1.3 Provides the ifluatex switch (HO)
Package ifluatex Info: LuaTeX not detected.
Package hobsub Info: Skipping package `ifvtex' (already loaded).
Package: intcalc 2007/09/27 v1.1 Expandable calculations with integers (HO)
Package hobsub Info: Skipping package `ifpdf' (already loaded).
Package: etexcmds 2011/02/16 v1.5 Avoid name clashes with e-TeX commands (HO)
Package etexcmds Info: Could not find \expanded.
(etexcmds)             That can mean that you are not using pdfTeX 1.50 or
(etexcmds)             that some package has redefined \expanded.
(etexcmds)             In the latter case, load this package earlier.
Package: kvsetkeys 2012/04/25 v1.16 Key value parser (HO)
Package: kvdefinekeys 2011/04/07 v1.3 Define keys (HO)
Package: pdftexcmds 2011/11/29 v0.20 Utility functions of pdfTeX for LuaTeX (HO
)
Package pdftexcmds Info: LuaTeX not detected.
Package pdftexcmds Info: \pdf@primitive is available.
Package pdftexcmds Info: \pdf@ifprimitive is available.
Package pdftexcmds Info: \pdfdraftmode found.
Package: pdfescape 2011/11/25 v1.13 Implements pdfTeX's escape features (HO)
Package: bigintcalc 2012/04/08 v1.3 Expandable calculations on big integers (HO
)
Package: bitset 2011/01/30 v1.1 Handle bit-vector datatype (HO)
Package: uniquecounter 2011/01/30 v1.2 Provide unlimited unique counter (HO)
)
Package hobsub Info: Skipping package `hobsub' (already loaded).
Package: letltxmacro 2010/09/02 v1.4 Let assignment for LaTeX macros (HO)
Package: hopatch 2011/06/24 v1.1 Wrapper for package hooks (HO)
Package: xcolor-patch 2011/01/30 xcolor patch
Package: atveryend 2011/06/30 v1.8 Hooks at the very end of document (HO)
Package atveryend Info: \enddocument detected (standard20110627).
Package: atbegshi 2011/10/05 v1.16 At begin shipout hook (HO)
Package: refcount 2011/10/16 v3.4 Data extraction from label references (HO)
Package: hycolor 2011/01/30 v1.7 Color options for hyperref/bookmark (HO)
)
(K:\programs\tex\latex\oberdiek\auxhook.sty
Package: auxhook 2011/03/04 v1.3 Hooks for auxiliary files (HO)
)
(K:\programs\tex\latex\oberdiek\kvoptions.sty
Package: kvoptions 2011/06/30 v3.11 Key value format for package options (HO)
)
\@linkdim=\dimen161
\Hy@linkcounter=\count118
\Hy@pagecounter=\count119

(K:\programs\tex\latex\hyperref\pd1enc.def
File: pd1enc.def 2012/11/06 v6.83m Hyperref: PDFDocEncoding definition (HO)
Now handling font encoding PD1 ...
... no UTF-8 mapping file for font encoding PD1
)
\Hy@SavedSpaceFactor=\count120

(K:\programs\tex\latex\00miktex\hyperref.cfg
File: hyperref.cfg 2002/06/06 v1.2 hyperref configuration of TeXLive
)
Package hyperref Info: Option `bookmarks' set `true' on input line 4319.
Package hyperref Info: Option `bookmarksopen' set `true' on input line 4319.
Package hyperref Info: Option `unicode' set `true' on input line 4319.

(K:\programs\tex\latex\hyperref\puenc.def
File: puenc.def 2012/11/06 v6.83m Hyperref: PDF Unicode definition (HO)
Now handling font encoding PU ...
... no UTF-8 mapping file for font encoding PU
)
Package hyperref Info: Option `implicit' set `false' on input line 4319.
Package hyperref Info: Hyper figures OFF on input line 4443.
Package hyperref Info: Link nesting OFF on input line 4448.
Package hyperref Info: Hyper index ON on input line 4451.
Package hyperref Info: Plain pages OFF on input line 4458.
Package hyperref Info: Backreferencing OFF on input line 4463.
Package hyperref Info: Implicit mode OFF; no redefinition of LaTeX internals.
Package hyperref Info: Bookmarks ON on input line 4688.
\c@Hy@tempcnt=\count121

(K:\programs\tex\latex\ltxmisc\url.sty
\Urlmuskip=\muskip10
Package: url 2006/04/12  ver 3.3  Verb mode for urls, etc.
)
LaTeX Info: Redefining \url on input line 5041.
\XeTeXLinkMargin=\dimen162
\Fld@menulength=\count122
\Field@Width=\dimen163
\Fld@charsize=\dimen164
Package hyperref Info: Hyper figures OFF on input line 6295.
Package hyperref Info: Link nesting OFF on input line 6300.
Package hyperref Info: Hyper index ON on input line 6303.
Package hyperref Info: backreferencing OFF on input line 6310.
Package hyperref Info: Link coloring OFF on input line 6315.
Package hyperref Info: Link coloring with OCG OFF on input line 6320.
Package hyperref Info: PDF/A mode OFF on input line 6325.
LaTeX Info: Redefining \ref on input line 6365.
LaTeX Info: Redefining \pageref on input line 6369.
\Hy@abspage=\count123


Package hyperref Message: Stopped early.

)

Package hyperref Message: Driver (autodetected): hpdftex.

(K:\programs\tex\latex\hyperref\hpdftex.def
File: hpdftex.def 2012/11/06 v6.83m Hyperref driver for pdfTeX
\Fld@listcount=\count124
\c@bookmark@seq@number=\count125

(K:\programs\tex\latex\oberdiek\rerunfilecheck.sty
Package: rerunfilecheck 2011/04/15 v1.7 Rerun checks for auxiliary files (HO)
Package uniquecounter Info: New unique counter `rerunfilecheck' on input line 2
82.
))
(K:\programs\tex\latex\beamer\base\beamerbaserequires.sty
Package: beamerbaserequires 2010/05/01  (rcs-revision efa082c6111d)

(K:\programs\tex\latex\beamer\base\beamerbasecompatibility.sty
Package: beamerbasecompatibility 2012/05/01  (rcs-revision 67c48b3b652d)
)
(K:\programs\tex\latex\beamer\base\beamerbasefont.sty
Package: beamerbasefont 2012/09/19  (rcs-revision 733629cd0c6c)

(K:\programs\tex\latex\amsfonts\amssymb.sty
Package: amssymb 2013/01/14 v3.01 AMS font symbols

(K:\programs\tex\latex\amsfonts\amsfonts.sty
Package: amsfonts 2013/01/14 v3.01 Basic AMSFonts support
\@emptytoks=\toks25
\symAMSa=\mathgroup4
\symAMSb=\mathgroup5
LaTeX Font Info:    Overwriting math alphabet `\mathfrak' in version `bold'
(Font)                  U/euf/m/n --> U/euf/b/n on input line 106.
)))
(K:\programs\tex\latex\beamer\base\beamerbasetranslator.sty
Package: beamerbasetranslator 2010/06/11  (rcs-revision 85fd1cc7fc42)

(K:\programs\tex\latex\beamer\base\translator\translator.sty
Package: translator 2010/06/12 ver 1.10

(K:\programs\tex\latex\beamer\base\translator\translator-language-mappings.tex)
)) (K:\programs\tex\latex\beamer\base\beamerbasemisc.sty
Package: beamerbasemisc 2012/02/24  (rcs-revision 2ff5461be705)
)
(K:\programs\tex\latex\beamer\base\beamerbasetwoscreens.sty
Package: beamerbasetwoscreens 2010/05/01  (rcs-revision efa082c6111d)
)
(K:\programs\tex\latex\beamer\base\beamerbaseoverlay.sty
Package: beamerbaseoverlay 2012/11/11  (rcs-revision 6afbc49b1109)
\beamer@argscount=\count126
\beamer@lastskipcover=\skip44
\beamer@trivlistdepth=\count127
)
(K:\programs\tex\latex\beamer\base\beamerbasetitle.sty
Package: beamerbasetitle 2010/09/21  (rcs-revision f0446ed0b6ae)
)
(K:\programs\tex\latex\beamer\base\beamerbasesection.sty
Package: beamerbasesection 2013/01/04  (rcs-revision 54309ceef997)
\c@lecture=\count128
\c@part=\count129
\c@section=\count130
\c@subsection=\count131
\c@subsubsection=\count132
)
(K:\programs\tex\latex\beamer\base\beamerbaseframe.sty
Package: beamerbaseframe 2012/12/26  (rcs-revision 1443917db2cf)
\beamer@framebox=\box40
\beamer@frametitlebox=\box41
\beamer@zoombox=\box42
\beamer@zoomcount=\count133
\beamer@zoomframecount=\count134
\beamer@frametextheight=\dimen165
\c@subsectionslide=\count135
\beamer@frametopskip=\skip45
\beamer@framebottomskip=\skip46
\beamer@frametopskipautobreak=\skip47
\beamer@framebottomskipautobreak=\skip48
\beamer@envbody=\toks26
\framewidth=\dimen166
\c@framenumber=\count136
)
(K:\programs\tex\latex\beamer\base\beamerbaseverbatim.sty
Package: beamerbaseverbatim 2012/08/30  (rcs-revision dfdb135076b3)
\beamer@verbatimfileout=\write4
)
(K:\programs\tex\latex\beamer\base\beamerbaseframesize.sty
Package: beamerbaseframesize 2011/09/12  (rcs-revision 70f9d8411e54)
\beamer@splitbox=\box43
\beamer@autobreakcount=\count137
\beamer@autobreaklastheight=\dimen167
\beamer@frametitletoks=\toks27
\beamer@framesubtitletoks=\toks28
)
(K:\programs\tex\latex\beamer\base\beamerbaseframecomponents.sty
Package: beamerbaseframecomponents 2012/09/13  (rcs-revision dcd846607320)
\beamer@footins=\box44
)
(K:\programs\tex\latex\beamer\base\beamerbasecolor.sty
Package: beamerbasecolor 2010/06/06  (rcs-revision d1a9b48be06d)
)
(K:\programs\tex\latex\beamer\base\beamerbasenotes.sty
Package: beamerbasenotes 2012/12/19  (rcs-revision 1686da3db3c9)
\beamer@frameboxcopy=\box45
)
(K:\programs\tex\latex\beamer\base\beamerbasetoc.sty
Package: beamerbasetoc 2012/10/02  (rcs-revision 5ed0f4010e8a)
)
(K:\programs\tex\latex\beamer\base\beamerbasetemplates.sty
Package: beamerbasetemplates 2010/05/01  (rcs-revision efa082c6111d)
\beamer@sbttoks=\toks29

(K:\programs\tex\latex\beamer\base\beamerbaseauxtemplates.sty
Package: beamerbaseauxtemplates 2012/05/01  (rcs-revision 67c48b3b652d)

(K:\programs\tex\latex\beamer\base\beamerbaseboxes.sty
Package: beamerbaseboxes 2012/05/13  (rcs-revision 56972908a390)
\bmb@box=\box46
\bmb@colorbox=\box47
\bmb@boxshadow=\box48
\bmb@boxshadowball=\box49
\bmb@boxshadowballlarge=\box50
\bmb@temp=\dimen168
\bmb@dima=\dimen169
\bmb@dimb=\dimen170
\bmb@prevheight=\dimen171
)
\beamer@blockheadheight=\dimen172
))
(K:\programs\tex\latex\beamer\base\beamerbaselocalstructure.sty
Package: beamerbaselocalstructure 2012/11/13  (rcs-revision ddfba79dac19)

(K:\programs\tex\latex\tools\enumerate.sty
Package: enumerate 1999/03/05 v3.00 enumerate extensions (DPC)
\@enLab=\toks30
)
\c@figure=\count138
\c@table=\count139
\abovecaptionskip=\skip49
\belowcaptionskip=\skip50
)
(K:\programs\tex\latex\beamer\base\beamerbasenavigation.sty
Package: beamerbasenavigation 2012/04/03  (rcs-revision 42a0f21a412d)
\beamer@section@min@dim=\dimen173
)
(K:\programs\tex\latex\beamer\base\beamerbasetheorems.sty
Package: beamerbasetheorems 2010/06/06  (rcs-revision 7e7cc5e53e9d)

(K:\programs\tex\latex\amsmath\amsmath.sty
Package: amsmath 2013/01/14 v2.14 AMS math features
\@mathmargin=\skip51

For additional information on amsmath, use the `?' option.
(K:\programs\tex\latex\amsmath\amstext.sty
Package: amstext 2000/06/29 v2.01

(K:\programs\tex\latex\amsmath\amsgen.sty
File: amsgen.sty 1999/11/30 v2.0
\@emptytoks=\toks31
\ex@=\dimen174
))
(K:\programs\tex\latex\amsmath\amsbsy.sty
Package: amsbsy 1999/11/29 v1.2d
\pmbraise@=\dimen175
)
(K:\programs\tex\latex\amsmath\amsopn.sty
Package: amsopn 1999/12/14 v2.01 operator names
)
\inf@bad=\count140
LaTeX Info: Redefining \frac on input line 210.
\uproot@=\count141
\leftroot@=\count142
LaTeX Info: Redefining \overline on input line 306.
\classnum@=\count143
\DOTSCASE@=\count144
LaTeX Info: Redefining \ldots on input line 378.
LaTeX Info: Redefining \dots on input line 381.
LaTeX Info: Redefining \cdots on input line 466.
\Mathstrutbox@=\box51
\strutbox@=\box52
\big@size=\dimen176
LaTeX Font Info:    Redeclaring font encoding OML on input line 566.
LaTeX Font Info:    Redeclaring font encoding OMS on input line 567.
\macc@depth=\count145
\c@MaxMatrixCols=\count146
\dotsspace@=\muskip11
\c@parentequation=\count147
\dspbrk@lvl=\count148
\tag@help=\toks32
\row@=\count149
\column@=\count150
\maxfields@=\count151
\andhelp@=\toks33
\eqnshift@=\dimen177
\alignsep@=\dimen178
\tagshift@=\dimen179
\tagwidth@=\dimen180
\totwidth@=\dimen181
\lineht@=\dimen182
\@envbody=\toks34
\multlinegap=\skip52
\multlinetaggap=\skip53
\mathdisplay@stack=\toks35
LaTeX Info: Redefining \[ on input line 2665.
LaTeX Info: Redefining \] on input line 2666.
)
(K:\programs\tex\latex\amscls\amsthm.sty
Package: amsthm 2004/08/06 v2.20
\thm@style=\toks36
\thm@bodyfont=\toks37
\thm@headfont=\toks38
\thm@notefont=\toks39
\thm@headpunct=\toks40
\thm@preskip=\skip54
\thm@postskip=\skip55
\thm@headsep=\skip56
\dth@everypar=\toks41
)
\c@theorem=\count152
)
(K:\programs\tex\latex\beamer\base\beamerbasethemes.sty
Package: beamerbasethemes 2010/05/01  (rcs-revision efa082c6111d)
))
(K:\programs\tex\latex\beamer\base\themes\theme\beamerthemedefault.sty
Package: beamerthemedefault 2010/06/17  (rcs-revision d02a7cf4d8ae)

(K:\programs\tex\latex\beamer\base\themes\font\beamerfontthemedefault.sty
Package: beamerfontthemedefault 2012/12/19  (rcs-revision 1686da3db3c9)
)
(K:\programs\tex\latex\beamer\base\themes\color\beamercolorthemedefault.sty
Package: beamercolorthemedefault 2012/12/19  (rcs-revision 1686da3db3c9)
)
(K:\programs\tex\latex\beamer\base\themes\inner\beamerinnerthemedefault.sty
Package: beamerinnerthemedefault 2012/05/01  (rcs-revision 67c48b3b652d)
\beamer@dima=\dimen183
\beamer@dimb=\dimen184
)
(K:\programs\tex\latex\beamer\base\themes\outer\beamerouterthemedefault.sty
Package: beamerouterthemedefault 2012/12/19  (rcs-revision 1686da3db3c9)
)))
(K:\programs\tex\latex\beamer\base\themes\theme\beamerthemeIlmenau.sty
Package: beamerthemeIlmenau 2010/06/17  (rcs-revision d02a7cf4d8ae)

(K:\programs\tex\latex\beamer\base\themes\outer\beamerouterthememiniframes.sty
Package: beamerouterthememiniframes 2010/06/17  (rcs-revision d02a7cf4d8ae)
) (K:\programs\tex\latex\beamer\base\themes\color\beamercolorthemewhale.sty
Package: beamercolorthemewhale 2010/06/17  (rcs-revision d02a7cf4d8ae)
)
(K:\programs\tex\latex\beamer\base\themes\color\beamercolorthemeorchid.sty
Package: beamercolorthemeorchid 2010/06/17  (rcs-revision d02a7cf4d8ae)
)
(K:\programs\tex\latex\beamer\base\themes\inner\beamerinnerthemerounded.sty
Package: beamerinnerthemerounded 2010/06/17  (rcs-revision d02a7cf4d8ae)
))
(K:\programs\tex\generic\babel\babel.sty
Package: babel 2008/07/08 v3.8m The Babel package

*************************************
* Local config file bblopts.cfg used
*
(K:\programs\tex\latex\00miktex\bblopts.cfg
File: bblopts.cfg 2006/07/31 v1.0 MiKTeX 'babel' configuration
)
(K:\programs\tex\generic\babel\frenchb.ldf
Language: frenchb 2009/03/16 v2.3d French support from the babel system

(K:\programs\tex\generic\babel\babel.def
File: babel.def 2008/07/08 v3.8m Babel common definitions
LaTeX Info: Redefining \textlatin on input line 82.
\babel@savecnt=\count153
\U@D=\dimen185
)
Package babel Info: Making : an active character on input line 120.
Package babel Info: Making ; an active character on input line 121.
Package babel Info: Making ! an active character on input line 122.
Package babel Info: Making ? an active character on input line 123.
\FB@Mht=\dimen186
\std@mcc=\count154
\dec@mcc=\count155
\parindentFFN=\dimen187

*************************************
* Local config file frenchb.cfg used
*
(K:\programs\tex\generic\babel\frenchb.cfg)))
(K:\programs\tex\latex\carlisle\scalefnt.sty)

Package hyperref Warning: Token not allowed in a PDF string (Unicode):
(hyperref)                removing `\\' on input line 10.


Package hyperref Warning: Token not allowed in a PDF string (Unicode):
(hyperref)                removing `\\' on input line 16.


Package hyperref Warning: Token not allowed in a PDF string (Unicode):
(hyperref)                removing `\\' on input line 16.


Package hyperref Warning: Token not allowed in a PDF string (Unicode):
(hyperref)                removing `\\' on input line 16.


(D:\Polytech-Nice_Sophia\Elec4\semestre2\projet\DocTeX\slides-latex_Final_v2\sl
ideO.aux)
LaTeX Font Info:    Checking defaults for OML/cmm/m/it on input line 53.
LaTeX Font Info:    ... okay on input line 53.
LaTeX Font Info:    Checking defaults for T1/cmr/m/n on input line 53.
LaTeX Font Info:    ... okay on input line 53.
LaTeX Font Info:    Checking defaults for OT1/cmr/m/n on input line 53.
LaTeX Font Info:    ... okay on input line 53.
LaTeX Font Info:    Checking defaults for OMS/cmsy/m/n on input line 53.
LaTeX Font Info:    ... okay on input line 53.
LaTeX Font Info:    Checking defaults for OMX/cmex/m/n on input line 53.
LaTeX Font Info:    ... okay on input line 53.
LaTeX Font Info:    Checking defaults for U/cmr/m/n on input line 53.
LaTeX Font Info:    ... okay on input line 53.
LaTeX Font Info:    Checking defaults for PD1/pdf/m/n on input line 53.
LaTeX Font Info:    ... okay on input line 53.
LaTeX Font Info:    Checking defaults for PU/pdf/m/n on input line 53.
LaTeX Font Info:    ... okay on input line 53.

*geometry* driver: auto-detecting
*geometry* detected driver: pdftex
*geometry* verbose mode - [ preamble ] result:
* driver: pdftex
* paper: custom
* layout: <same size as paper>
* layoutoffset:(h,v)=(0.0pt,0.0pt)
* modes: includehead includefoot 
* h-part:(L,W,R)=(28.45274pt, 307.28987pt, 28.45274pt)
* v-part:(T,H,B)=(0.0pt, 273.14662pt, 0.0pt)
* \paperwidth=364.19536pt
* \paperheight=273.14662pt
* \textwidth=307.28987pt
* \textheight=244.6939pt
* \oddsidemargin=-43.81725pt
* \evensidemargin=-43.81725pt
* \topmargin=-72.26999pt
* \headheight=14.22636pt
* \headsep=0.0pt
* \topskip=11.0pt
* \footskip=14.22636pt
* \marginparwidth=4.0pt
* \marginparsep=10.0pt
* \columnsep=10.0pt
* \skip\footins=10.0pt plus 4.0pt minus 2.0pt
* \hoffset=0.0pt
* \voffset=0.0pt
* \mag=1000
* \@twocolumnfalse
* \@twosidefalse
* \@mparswitchfalse
* \@reversemarginfalse
* (1in=72.27pt=25.4mm, 1cm=28.453pt)

(K:\programs\tex\context\base\supp-pdf.mkii
[Loading MPS to PDF converter (version 2006.09.02).]
\scratchcounter=\count156
\scratchdimen=\dimen188
\scratchbox=\box53
\nofMPsegments=\count157
\nofMParguments=\count158
\everyMPshowfont=\toks42
\MPscratchCnt=\count159
\MPscratchDim=\dimen189
\MPnumerator=\count160
\makeMPintoPDFobject=\count161
\everyMPtoPDFconversion=\toks43
) ABD: EveryShipout initializing macros
\AtBeginShipoutBox=\box54
Package hyperref Info: Link coloring OFF on input line 53.

(K:\programs\tex\latex\hyperref\nameref.sty
Package: nameref 2012/10/27 v2.43 Cross-referencing by name of section

(K:\programs\tex\generic\oberdiek\gettitlestring.sty
Package: gettitlestring 2010/12/03 v1.4 Cleanup title references (HO)
)
\c@section@level=\count162
)
LaTeX Info: Redefining \ref on input line 53.
LaTeX Info: Redefining \pageref on input line 53.
LaTeX Info: Redefining \nameref on input line 53.

(D:\Polytech-Nice_Sophia\Elec4\semestre2\projet\DocTeX\slides-latex_Final_v2\sl
ideO.out)
(D:\Polytech-Nice_Sophia\Elec4\semestre2\projet\DocTeX\slides-latex_Final_v2\sl
ideO.out)
\@outlinefile=\write5
LaTeX Font Info:    Overwriting symbol font `operators' in version `normal'
(Font)                  OT1/cmr/m/n --> OT1/cmss/m/n on input line 53.
LaTeX Font Info:    Overwriting symbol font `operators' in version `bold'
(Font)                  OT1/cmr/bx/n --> OT1/cmss/bx/n on input line 53.
\symnumbers=\mathgroup6
\sympureletters=\mathgroup7
LaTeX Font Info:    Overwriting math alphabet `\mathrm' in version `normal'
(Font)                  OT1/cmss/m/n --> OT1/cmr/m/n on input line 53.
LaTeX Font Info:    Redeclaring math alphabet \mathbf on input line 53.
LaTeX Font Info:    Overwriting math alphabet `\mathbf' in version `normal'
(Font)                  OT1/cmr/bx/n --> OT1/cmss/bx/n on input line 53.
LaTeX Font Info:    Overwriting math alphabet `\mathbf' in version `bold'
(Font)                  OT1/cmr/bx/n --> OT1/cmss/bx/n on input line 53.
LaTeX Font Info:    Redeclaring math alphabet \mathsf on input line 53.
LaTeX Font Info:    Overwriting math alphabet `\mathsf' in version `normal'
(Font)                  OT1/cmss/m/n --> OT1/cmss/m/n on input line 53.
LaTeX Font Info:    Overwriting math alphabet `\mathsf' in version `bold'
(Font)                  OT1/cmss/bx/n --> OT1/cmss/m/n on input line 53.
LaTeX Font Info:    Redeclaring math alphabet \mathit on input line 53.
LaTeX Font Info:    Overwriting math alphabet `\mathit' in version `normal'
(Font)                  OT1/cmr/m/it --> OT1/cmss/m/it on input line 53.
LaTeX Font Info:    Overwriting math alphabet `\mathit' in version `bold'
(Font)                  OT1/cmr/bx/it --> OT1/cmss/m/it on input line 53.
LaTeX Font Info:    Redeclaring math alphabet \mathtt on input line 53.
LaTeX Font Info:    Overwriting math alphabet `\mathtt' in version `normal'
(Font)                  OT1/cmtt/m/n --> OT1/cmtt/m/n on input line 53.
LaTeX Font Info:    Overwriting math alphabet `\mathtt' in version `bold'
(Font)                  OT1/cmtt/m/n --> OT1/cmtt/m/n on input line 53.
LaTeX Font Info:    Overwriting symbol font `numbers' in version `bold'
(Font)                  OT1/cmss/m/n --> OT1/cmss/bx/n on input line 53.
LaTeX Font Info:    Overwriting symbol font `pureletters' in version `bold'
(Font)                  OT1/cmss/m/it --> OT1/cmss/bx/it on input line 53.
LaTeX Font Info:    Overwriting math alphabet `\mathrm' in version `bold'
(Font)                  OT1/cmss/bx/n --> OT1/cmr/bx/n on input line 53.
LaTeX Font Info:    Overwriting math alphabet `\mathbf' in version `bold'
(Font)                  OT1/cmss/bx/n --> OT1/cmss/bx/n on input line 53.
LaTeX Font Info:    Overwriting math alphabet `\mathsf' in version `bold'
(Font)                  OT1/cmss/m/n --> OT1/cmss/bx/n on input line 53.
LaTeX Font Info:    Overwriting math alphabet `\mathit' in version `bold'
(Font)                  OT1/cmss/m/it --> OT1/cmss/bx/it on input line 53.
LaTeX Font Info:    Overwriting math alphabet `\mathtt' in version `bold'
(Font)                  OT1/cmtt/m/n --> OT1/cmtt/bx/n on input line 53.

(K:\programs\tex\latex\beamer\base\translator\dicts\translator-basic-dictionary
\translator-basic-dictionary-English.dict
Dictionary: translator-basic-dictionary, Language: English 
)
(K:\programs\tex\latex\beamer\base\translator\dicts\translator-bibliography-dic
tionary\translator-bibliography-dictionary-English.dict
Dictionary: translator-bibliography-dictionary, Language: English 
)
(K:\programs\tex\latex\beamer\base\translator\dicts\translator-environment-dict
ionary\translator-environment-dictionary-English.dict
Dictionary: translator-environment-dictionary, Language: English 
)
(K:\programs\tex\latex\beamer\base\translator\dicts\translator-months-dictionar
y\translator-months-dictionary-English.dict
Dictionary: translator-months-dictionary, Language: English 
)
(K:\programs\tex\latex\beamer\base\translator\dicts\translator-numbers-dictiona
ry\translator-numbers-dictionary-English.dict
Dictionary: translator-numbers-dictionary, Language: English 
)
(K:\programs\tex\latex\beamer\base\translator\dicts\translator-theorem-dictiona
ry\translator-theorem-dictionary-English.dict
Dictionary: translator-theorem-dictionary, Language: English 
)
LaTeX Info: Redefining \includegraphics on input line 53.
LaTeX Info: Redefining \degres on input line 53.
LaTeX Info: Redefining \dots on input line 53.
LaTeX Info: Redefining \up on input line 53.


Package frenchb.ldf Warning: OT1 encoding should not be used for French. 
(frenchb.ldf)                Add \usepackage[T1]{fontenc} to the preamble
(frenchb.ldf)                of your document, on input line 53.


(D:\Polytech-Nice_Sophia\Elec4\semestre2\projet\DocTeX\slides-latex_Final_v2\sl
ideO.nav)
Overfull \vbox (10.31297pt too high) detected at line 57
 []


LaTeX Font Warning: Font shape `OT1/cmss/m/n' in size <4> not available
(Font)              size <5> substituted on input line 57.

<images/poly.png, id=90, 200.24812pt x 168.63pt>
File: images/poly.png Graphic file (type png)
 <use images/poly.png>
Package pdftex.def Info: images/poly.png used on input line 57.
(pdftex.def)             Requested size: 70.9526pt x 59.75095pt.
 [1{C:/ProgramData/MiKTeX/2.9/pdftex/config/pdftex.map}

 <D:/Polytech-Nice_Sophia/Elec4/semestre2/projet/DocTeX/slides-latex_Final_v2/i
mages/poly.png>]
(D:\Polytech-Nice_Sophia\Elec4\semestre2\projet\DocTeX\slides-latex_Final_v2\sl
ideO.toc) <images/LaTeX-logo-transp25.png, id=209, 200.75pt x 83.31125pt>
File: images/LaTeX-logo-transp25.png Graphic file (type png)

<use images/LaTeX-logo-transp25.png>
Package pdftex.def Info: images/LaTeX-logo-transp25.png used on input line 62.
(pdftex.def)             Requested size: 6.85542pt x 2.84544pt.
 [2

 <D:/Polytech-Nice_Sophia/Elec4/semestre2/projet/DocTeX/slides-latex_Final_v2/i
mages/LaTeX-logo-transp25.png>]
(D:\Polytech-Nice_Sophia\Elec4\semestre2\projet\DocTeX\slides-latex_Final_v2\sl
ideO.toc)
File: images/LaTeX-logo-transp25.png Graphic file (type png)
 <use images/LaTeX-logo-transp25.png>
Package pdftex.def Info: images/LaTeX-logo-transp25.png used on input line 76.
(pdftex.def)             Requested size: 6.85542pt x 2.84544pt.
 [3

]
File: images/LaTeX-logo-transp25.png Graphic file (type png)

<use images/LaTeX-logo-transp25.png>
Package pdftex.def Info: images/LaTeX-logo-transp25.png used on input line 93.
(pdftex.def)             Requested size: 6.85542pt x 2.84544pt.
 [4

]
(D:\Polytech-Nice_Sophia\Elec4\semestre2\projet\DocTeX\slides-latex_Final_v2\sl
ideO.toc)
File: images/LaTeX-logo-transp25.png Graphic file (type png)
 <use images/LaTeX-logo-transp25.png>
Package pdftex.def Info: images/LaTeX-logo-transp25.png used on input line 99.
(pdftex.def)             Requested size: 6.85542pt x 2.84544pt.
 [5

]
<images/rfid.png, id=489, 402.75468pt x 230.36063pt>
File: images/rfid.png Graphic file (type png)
 <use images/rfid.png>
Package pdftex.def Info: images/rfid.png used on input line 106.
(pdftex.def)             Requested size: 307.28987pt x 175.7578pt.
File: images/LaTeX-logo-transp25.png Graphic file (type png)

<use images/LaTeX-logo-transp25.png>
Package pdftex.def Info: images/LaTeX-logo-transp25.png used on input line 106.

(pdftex.def)             Requested size: 6.85542pt x 2.84544pt.
 [6

 <D:/Polytech-Nice_Sophia/Elec4/semestre2/projet/DocTeX/slides-latex_Final_v2/i
mages/rfid.png>]
<images/app.png, id=554, 2457.18pt x 3276.24pt>
File: images/app.png Graphic file (type png)
 <use images/app.png>
Package pdftex.def Info: images/app.png used on input line 112.
(pdftex.def)             Requested size: 153.64493pt x 204.81448pt.

Overfull \vbox (17.33675pt too high) detected at line 112
 []

File: images/LaTeX-logo-transp25.png Graphic file (type png)
<use images/LaTeX-logo-transp25.png>
Package pdftex.def Info: images/LaTeX-logo-transp25.png used on input line 112.

(pdftex.def)             Requested size: 6.85542pt x 2.84544pt.
 [7

 <D:/Polytech-Nice_Sophia/Elec4/semestre2/projet/DocTeX/slides-latex_Final_v2/i
mages/app.png>]
<images/global_archi.jpg, id=619, 399.4925pt x 246.9225pt>
File: images/global_archi.jpg Graphic file (type jpg)

<use images/global_archi.jpg>
Package pdftex.def Info: images/global_archi.jpg used on input line 118.
(pdftex.def)             Requested size: 215.10196pt x 132.95184pt.
File: images/LaTeX-logo-transp25.png Graphic file (type png)
 <use images/LaTeX-logo-transp25.png>
Package pdftex.def Info: images/LaTeX-logo-transp25.png used on input line 118.

(pdftex.def)             Requested size: 6.85542pt x 2.84544pt.
 [8

 <D:/Polytech-Nice_Sophia/Elec4/semestre2/projet/DocTeX/slides-latex_Final_v2/i
mages/global_archi.jpg>]
(D:\Polytech-Nice_Sophia\Elec4\semestre2\projet\DocTeX\slides-latex_Final_v2\sl
ideO.toc)
File: images/LaTeX-logo-transp25.png Graphic file (type png)
 <use images/LaTeX-logo-transp25.png>
Package pdftex.def Info: images/LaTeX-logo-transp25.png used on input line 125.

(pdftex.def)             Requested size: 6.85542pt x 2.84544pt.
 [9

]
<images/archi1.png, id=754, 448.67625pt x 380.17032pt>
File: images/archi1.png Graphic file (type png)
 <use images/archi1.png>
Package pdftex.def Info: images/archi1.png used on input line 137.
(pdftex.def)             Requested size: 215.10196pt x 182.25923pt.

Overfull \vbox (0.7815pt too high) detected at line 137
 []

File: images/LaTeX-logo-transp25.png Graphic file (type png)
<use images/LaTeX-logo-transp25.png>
Package pdftex.def Info: images/LaTeX-logo-transp25.png used on input line 137.

(pdftex.def)             Requested size: 6.85542pt x 2.84544pt.
 [10

 <D:/Polytech-Nice_Sophia/Elec4/semestre2/projet/DocTeX/slides-latex_Final_v2/i
mages/archi1.png>]
<images/switch4.png, id=819, 173.14688pt x 128.73094pt>
File: images/switch4.png Graphic file (type png)

<use images/switch4.png>
Package pdftex.def Info: images/switch4.png used on input line 144.
(pdftex.def)             Requested size: 92.1879pt x 68.54134pt.

<images/switch128.png, id=820, 415.5525pt x 197.23688pt>
File: images/switch128.png Graphic file (type png)

<use images/switch128.png>
Package pdftex.def Info: images/switch128.png used on input line 151.
(pdftex.def)             Requested size: 122.91406pt x 58.33784pt.
File: images/LaTeX-logo-transp25.png Graphic file (type png)
 <use images/LaTeX-logo-transp25.png>
Package pdftex.def Info: images/LaTeX-logo-transp25.png used on input line 153.

(pdftex.def)             Requested size: 6.85542pt x 2.84544pt.
 [11

 <D:/Polytech-Nice_Sophia/Elec4/semestre2/projet/DocTeX/slides-latex_Final_v2/i
mages/switch4.png> <D:/Polytech-Nice_Sophia/Elec4/semestre2/projet/DocTeX/slide
s-latex_Final_v2/images/switch128.png>]
File: images/LaTeX-logo-transp25.png Graphic file (type png)
 <use images/LaTeX-logo-transp25.png>
Package pdftex.def Info: images/LaTeX-logo-transp25.png used on input line 169.

(pdftex.def)             Requested size: 6.85542pt x 2.84544pt.
 [12

]
<images/parallel_archi.png, id=956, 383.18156pt x 285.31593pt>
File: images/parallel_archi.png Graphic file (type png)

<use images/parallel_archi.png>
Package pdftex.def Info: images/parallel_archi.png used on input line 177.
(pdftex.def)             Requested size: 248.38097pt x 184.9429pt.
File: images/LaTeX-logo-transp25.png Graphic file (type png)
 <use images/LaTeX-logo-transp25.png>
Package pdftex.def Info: images/LaTeX-logo-transp25.png used on input line 177.

(pdftex.def)             Requested size: 6.85542pt x 2.84544pt.
 [13

 <D:/Polytech-Nice_Sophia/Elec4/semestre2/projet/DocTeX/slides-latex_Final_v2/i
mages/parallel_archi.png>]
LaTeX Font Info:    Try loading font information for U+msa on input line 189.
 (K:\programs\tex\latex\amsfonts\umsa.fd
File: umsa.fd 2013/01/14 v3.01 AMS symbols A
)
LaTeX Font Info:    Try loading font information for U+msb on input line 189.

(K:\programs\tex\latex\amsfonts\umsb.fd
File: umsb.fd 2013/01/14 v3.01 AMS symbols B
)
<images/divisors.png, id=1023, 177.66376pt x 119.69719pt>
File: images/divisors.png Graphic file (type png)

<use images/divisors.png>
Package pdftex.def Info: images/divisors.png used on input line 191.
(pdftex.def)             Requested size: 71.13188pt x 47.92368pt.
File: images/LaTeX-logo-transp25.png Graphic file (type png)
 <use images/LaTeX-logo-transp25.png>
Package pdftex.def Info: images/LaTeX-logo-transp25.png used on input line 196.

(pdftex.def)             Requested size: 6.85542pt x 2.84544pt.
 [14

 <D:/Polytech-Nice_Sophia/Elec4/semestre2/projet/DocTeX/slides-latex_Final_v2/i
mages/divisors.png>]
File: images/LaTeX-logo-transp25.png Graphic file (type png)
 <use images/LaTeX-logo-transp25.png>
Package pdftex.def Info: images/LaTeX-logo-transp25.png used on input line 217.

(pdftex.def)             Requested size: 6.85542pt x 2.84544pt.
 [15

]
<images/power.png, id=1153, 445.665pt x 202.50656pt>
File: images/power.png Graphic file (type png)
 <use images/power.png>
Package pdftex.def Info: images/power.png used on input line 230.
(pdftex.def)             Requested size: 307.28987pt x 139.63078pt.
File: images/LaTeX-logo-transp25.png Graphic file (type png)

<use images/LaTeX-logo-transp25.png>
Package pdftex.def Info: images/LaTeX-logo-transp25.png used on input line 230.

(pdftex.def)             Requested size: 6.85542pt x 2.84544pt.
 [16

 <D:/Polytech-Nice_Sophia/Elec4/semestre2/projet/DocTeX/slides-latex_Final_v2/i
mages/power.png>]
File: images/LaTeX-logo-transp25.png Graphic file (type png)

<use images/LaTeX-logo-transp25.png>
Package pdftex.def Info: images/LaTeX-logo-transp25.png used on input line 253.

(pdftex.def)             Requested size: 6.85542pt x 2.84544pt.
 [17

]
<images/formule.png, id=1283, 759.58781pt x 228.855pt>
File: images/formule.png Graphic file (type png)

<use images/formule.png>
Package pdftex.def Info: images/formule.png used on input line 261.
(pdftex.def)             Requested size: 307.28987pt x 92.58449pt.
File: images/LaTeX-logo-transp25.png Graphic file (type png)
 <use images/LaTeX-logo-transp25.png>
Package pdftex.def Info: images/LaTeX-logo-transp25.png used on input line 266.

(pdftex.def)             Requested size: 6.85542pt x 2.84544pt.
 [18

 <D:/Polytech-Nice_Sophia/Elec4/semestre2/projet/DocTeX/slides-latex_Final_v2/i
mages/formule.png>] <images/combinaison.png, id=1348, 508.14844pt x 318.43968pt
>
File: images/combinaison.png Graphic file (type png)

<use images/combinaison.png>
Package pdftex.def Info: images/combinaison.png used on input line 273.
(pdftex.def)             Requested size: 215.10196pt x 134.79816pt.
File: images/LaTeX-logo-transp25.png Graphic file (type png)
 <use images/LaTeX-logo-transp25.png>
Package pdftex.def Info: images/LaTeX-logo-transp25.png used on input line 275.

(pdftex.def)             Requested size: 6.85542pt x 2.84544pt.
 [19

 <D:/Polytech-Nice_Sophia/Elec4/semestre2/projet/DocTeX/slides-latex_Final_v2/i
mages/combinaison.png>] <images/cage.png, id=1414, 730.98094pt x 322.20375pt>
File: images/cage.png Graphic file (type png)

<use images/cage.png>
Package pdftex.def Info: images/cage.png used on input line 279.
(pdftex.def)             Requested size: 338.02072pt x 148.99231pt.

Overfull \hbox (30.73085pt too wide) in paragraph at lines 279--280
 [] 
 []

File: images/LaTeX-logo-transp25.png Graphic file (type png)
<use images/LaTeX-logo-transp25.png>
Package pdftex.def Info: images/LaTeX-logo-transp25.png used on input line 281.

(pdftex.def)             Requested size: 6.85542pt x 2.84544pt.
 [20

 <D:/Polytech-Nice_Sophia/Elec4/semestre2/projet/DocTeX/slides-latex_Final_v2/i
mages/cage.png>]
<images/mesures.png, id=1479, 481.8pt x 198.7425pt>
File: images/mesures.png Graphic file (type png)
 <use images/mesures.png>
Package pdftex.def Info: images/mesures.png used on input line 309.
(pdftex.def)             Requested size: 184.3758pt x 76.05362pt.

<images/pos5.jpg, id=1480, 563.10374pt x 421.575pt>
File: images/pos5.jpg Graphic file (type jpg)
 <use images/pos5.jpg>
Package pdftex.def Info: images/pos5.jpg used on input line 316.
(pdftex.def)             Requested size: 122.91406pt x 92.01988pt.
File: images/LaTeX-logo-transp25.png Graphic file (type png)

<use images/LaTeX-logo-transp25.png>
Package pdftex.def Info: images/LaTeX-logo-transp25.png used on input line 322.

(pdftex.def)             Requested size: 6.85542pt x 2.84544pt.
 [21

 <D:/Polytech-Nice_Sophia/Elec4/semestre2/projet/DocTeX/slides-latex_Final_v2/i
mages/mesures.png> <D:/Polytech-Nice_Sophia/Elec4/semestre2/projet/DocTeX/slide
s-latex_Final_v2/images/pos5.jpg>]
File: images/mesures.png Graphic file (type png)

<use images/mesures.png>
Package pdftex.def Info: images/mesures.png used on input line 349.
(pdftex.def)             Requested size: 184.3758pt x 76.05362pt.
 <images/pos10.jpg, id=1544, 563.10374pt x 421.575pt>
File: images/pos10.jpg Graphic file (type jpg)

<use images/pos10.jpg>
Package pdftex.def Info: images/pos10.jpg used on input line 356.
(pdftex.def)             Requested size: 122.91406pt x 92.01988pt.
File: images/LaTeX-logo-transp25.png Graphic file (type png)
 <use images/LaTeX-logo-transp25.png>
Package pdftex.def Info: images/LaTeX-logo-transp25.png used on input line 362.

(pdftex.def)             Requested size: 6.85542pt x 2.84544pt.
 [22

 <D:/Polytech-Nice_Sophia/Elec4/semestre2/projet/DocTeX/slides-latex_Final_v2/i
mages/pos10.jpg>]
File: images/LaTeX-logo-transp25.png Graphic file (type png)
 <use images/LaTeX-logo-transp25.png>
Package pdftex.def Info: images/LaTeX-logo-transp25.png used on input line 385.

(pdftex.def)             Requested size: 6.85542pt x 2.84544pt.
 [23

]
<images/antennes.jpg, id=1674, 890.32625pt x 313.17pt>
File: images/antennes.jpg Graphic file (type jpg)

<use images/antennes.jpg>
Package pdftex.def Info: images/antennes.jpg used on input line 397.
(pdftex.def)             Requested size: 307.28987pt x 108.08676pt.
File: images/LaTeX-logo-transp25.png Graphic file (type png)
 <use images/LaTeX-logo-transp25.png>
Package pdftex.def Info: images/LaTeX-logo-transp25.png used on input line 399.

(pdftex.def)             Requested size: 6.85542pt x 2.84544pt.
 [24

 <D:/Polytech-Nice_Sophia/Elec4/semestre2/projet/DocTeX/slides-latex_Final_v2/i
mages/antennes.jpg>] <images/lecteur.jpg, id=1739, 319.1925pt x 247.92625pt>
File: images/lecteur.jpg Graphic file (type jpg)

<use images/lecteur.jpg>
Package pdftex.def Info: images/lecteur.jpg used on input line 412.
(pdftex.def)             Requested size: 184.3758pt x 143.21095pt.

Overfull \vbox (4.67766pt too high) detected at line 414
 []

File: images/LaTeX-logo-transp25.png Graphic file (type png)
<use images/LaTeX-logo-transp25.png>
Package pdftex.def Info: images/LaTeX-logo-transp25.png used on input line 414.

(pdftex.def)             Requested size: 6.85542pt x 2.84544pt.
 [25

 <D:/Polytech-Nice_Sophia/Elec4/semestre2/projet/DocTeX/slides-latex_Final_v2/i
mages/lecteur.jpg>]
Overfull \hbox (20.66043pt too wide) in paragraph at lines 423--452
[][]  
 []

<images/t2cc.png, id=1804, 421.575pt x 316.18124pt>
File: images/t2cc.png Graphic file (type png)
 <use images/t2cc.png>
Package pdftex.def Info: images/t2cc.png used on input line 455.
(pdftex.def)             Requested size: 142.26378pt x 106.69933pt.
File: images/LaTeX-logo-transp25.png Graphic file (type png)

<use images/LaTeX-logo-transp25.png>
Package pdftex.def Info: images/LaTeX-logo-transp25.png used on input line 461.

(pdftex.def)             Requested size: 6.85542pt x 2.84544pt.
 [26

 <D:/Polytech-Nice_Sophia/Elec4/semestre2/projet/DocTeX/slides-latex_Final_v2/i
mages/t2cc.png>]
Overfull \hbox (20.66043pt too wide) in paragraph at lines 468--497
[][]  
 []

<images/t2rc.png, id=1872, 421.575pt x 316.18124pt>
File: images/t2rc.png Graphic file (type png)
 <use images/t2rc.png>
Package pdftex.def Info: images/t2rc.png used on input line 500.
(pdftex.def)             Requested size: 142.26378pt x 106.69933pt.
File: images/LaTeX-logo-transp25.png Graphic file (type png)

<use images/LaTeX-logo-transp25.png>
Package pdftex.def Info: images/LaTeX-logo-transp25.png used on input line 506.

(pdftex.def)             Requested size: 6.85542pt x 2.84544pt.
 [27

 <D:/Polytech-Nice_Sophia/Elec4/semestre2/projet/DocTeX/slides-latex_Final_v2/i
mages/t2rc.png>]
Overfull \hbox (20.66043pt too wide) in paragraph at lines 512--541
[][]  
 []

<images/t2cc_sur.png, id=1937, 421.575pt x 316.18124pt>
File: images/t2cc_sur.png Graphic file (type png)

<use images/t2cc_sur.png>
Package pdftex.def Info: images/t2cc_sur.png used on input line 544.
(pdftex.def)             Requested size: 142.26378pt x 106.69933pt.
File: images/LaTeX-logo-transp25.png Graphic file (type png)
 <use images/LaTeX-logo-transp25.png>
Package pdftex.def Info: images/LaTeX-logo-transp25.png used on input line 550.

(pdftex.def)             Requested size: 6.85542pt x 2.84544pt.
 [28

 <D:/Polytech-Nice_Sophia/Elec4/semestre2/projet/DocTeX/slides-latex_Final_v2/i
mages/t2cc_sur.png>]
Overfull \hbox (20.66043pt too wide) in paragraph at lines 556--585
[][]  
 []

<images/t2rc_sur.png, id=2002, 421.575pt x 316.18124pt>
File: images/t2rc_sur.png Graphic file (type png)

<use images/t2rc_sur.png>
Package pdftex.def Info: images/t2rc_sur.png used on input line 588.
(pdftex.def)             Requested size: 142.26378pt x 106.69933pt.
File: images/LaTeX-logo-transp25.png Graphic file (type png)
 <use images/LaTeX-logo-transp25.png>
Package pdftex.def Info: images/LaTeX-logo-transp25.png used on input line 593.

(pdftex.def)             Requested size: 6.85542pt x 2.84544pt.
 [29

 <D:/Polytech-Nice_Sophia/Elec4/semestre2/projet/DocTeX/slides-latex_Final_v2/i
mages/t2rc_sur.png>]
File: images/LaTeX-logo-transp25.png Graphic file (type png)
 <use images/LaTeX-logo-transp25.png>
Package pdftex.def Info: images/LaTeX-logo-transp25.png used on input line 612.

(pdftex.def)             Requested size: 6.85542pt x 2.84544pt.
 [30

]
File: images/LaTeX-logo-transp25.png Graphic file (type png)

<use images/LaTeX-logo-transp25.png>
Package pdftex.def Info: images/LaTeX-logo-transp25.png used on input line 635.

(pdftex.def)             Requested size: 6.85542pt x 2.84544pt.
 [31

]
<images/rn.png, id=2195, 484.81125pt x 137.7647pt>
File: images/rn.png Graphic file (type png)
 <use images/rn.png>
Package pdftex.def Info: images/rn.png used on input line 643.
(pdftex.def)             Requested size: 307.28987pt x 87.32404pt.

Overfull \vbox (2.0245pt too high) detected at line 655
 []

File: images/LaTeX-logo-transp25.png Graphic file (type png)
<use images/LaTeX-logo-transp25.png>
Package pdftex.def Info: images/LaTeX-logo-transp25.png used on input line 655.

(pdftex.def)             Requested size: 6.85542pt x 2.84544pt.
 [32

 <D:/Polytech-Nice_Sophia/Elec4/semestre2/projet/DocTeX/slides-latex_Final_v2/i
mages/rn.png>]
File: images/LaTeX-logo-transp25.png Graphic file (type png)

<use images/LaTeX-logo-transp25.png>
Package pdftex.def Info: images/LaTeX-logo-transp25.png used on input line 673.

(pdftex.def)             Requested size: 6.85542pt x 2.84544pt.
 [33

]
<images/prog_plan.jpg, id=2323, 428.35031pt x 252.19218pt>
File: images/prog_plan.jpg Graphic file (type jpg)

<use images/prog_plan.jpg>
Package pdftex.def Info: images/prog_plan.jpg used on input line 682.
(pdftex.def)             Requested size: 245.83282pt x 144.73615pt.
File: images/LaTeX-logo-transp25.png Graphic file (type png)
 <use images/LaTeX-logo-transp25.png>
Package pdftex.def Info: images/LaTeX-logo-transp25.png used on input line 684.

(pdftex.def)             Requested size: 6.85542pt x 2.84544pt.
 [34

 <D:/Polytech-Nice_Sophia/Elec4/semestre2/projet/DocTeX/slides-latex_Final_v2/i
mages/prog_plan.jpg>] <images/java.png, id=2387, 372.64218pt x 364.36125pt>
File: images/java.png Graphic file (type png)

<use images/java.png>
Package pdftex.def Info: images/java.png used on input line 700.
(pdftex.def)             Requested size: 113.81102pt x 111.27734pt.
File: images/LaTeX-logo-transp25.png Graphic file (type png)
 <use images/LaTeX-logo-transp25.png>
Package pdftex.def Info: images/LaTeX-logo-transp25.png used on input line 705.

(pdftex.def)             Requested size: 6.85542pt x 2.84544pt.
 [35

 <D:/Polytech-Nice_Sophia/Elec4/semestre2/projet/DocTeX/slides-latex_Final_v2/i
mages/java.png>]
<images/excel.png, id=2451, 240.9pt x 166.37157pt>
File: images/excel.png Graphic file (type png)
 <use images/excel.png>
Package pdftex.def Info: images/excel.png used on input line 724.
(pdftex.def)             Requested size: 85.35826pt x 58.94934pt.

<images/excel2.png, id=2452, 240.9pt x 194.97844pt>
File: images/excel2.png Graphic file (type png)
 <use images/excel2.png>
Package pdftex.def Info: images/excel2.png used on input line 727.
(pdftex.def)             Requested size: 85.35826pt x 69.08543pt.
File: images/LaTeX-logo-transp25.png Graphic file (type png)

<use images/LaTeX-logo-transp25.png>
Package pdftex.def Info: images/LaTeX-logo-transp25.png used on input line 732.

(pdftex.def)             Requested size: 6.85542pt x 2.84544pt.
 [36

 <D:/Polytech-Nice_Sophia/Elec4/semestre2/projet/DocTeX/slides-latex_Final_v2/i
mages/excel.png> <D:/Polytech-Nice_Sophia/Elec4/semestre2/projet/DocTeX/slides-
latex_Final_v2/images/excel2.png>]
<images/theo.png, id=2518, 763.35187pt x 255.20343pt>
File: images/theo.png Graphic file (type png)
 <use images/theo.png>
Package pdftex.def Info: images/theo.png used on input line 738.
(pdftex.def)             Requested size: 199.16928pt x 66.58496pt.

<images/interf.png, id=2519, 824.32968pt x 305.64188pt>
File: images/interf.png Graphic file (type png)

<use images/interf.png>
Package pdftex.def Info: images/interf.png used on input line 742.
(pdftex.def)             Requested size: 213.39566pt x 79.11989pt.
File: images/LaTeX-logo-transp25.png Graphic file (type png)
 <use images/LaTeX-logo-transp25.png>
Package pdftex.def Info: images/LaTeX-logo-transp25.png used on input line 745.

(pdftex.def)             Requested size: 6.85542pt x 2.84544pt.
 [37

 <D:/Polytech-Nice_Sophia/Elec4/semestre2/projet/DocTeX/slides-latex_Final_v2/i
mages/theo.png> <D:/Polytech-Nice_Sophia/Elec4/semestre2/projet/DocTeX/slides-l
atex_Final_v2/images/interf.png>]
File: images/LaTeX-logo-transp25.png Graphic file (type png)
 <use images/LaTeX-logo-transp25.png>
Package pdftex.def Info: images/LaTeX-logo-transp25.png used on input line 762.

(pdftex.def)             Requested size: 6.85542pt x 2.84544pt.
 [38

]
(D:\Polytech-Nice_Sophia\Elec4\semestre2\projet\DocTeX\slides-latex_Final_v2\sl
ideO.toc)
File: images/LaTeX-logo-transp25.png Graphic file (type png)
 <use images/LaTeX-logo-transp25.png>
Package pdftex.def Info: images/LaTeX-logo-transp25.png used on input line 768.

(pdftex.def)             Requested size: 6.85542pt x 2.84544pt.
 [39

]
<images/wiki.png, id=2720, 496.10344pt x 283.0575pt>
File: images/wiki.png Graphic file (type png)
 <use images/wiki.png>
Package pdftex.def Info: images/wiki.png used on input line 776.
(pdftex.def)             Requested size: 284.52756pt x 162.34215pt.
File: images/LaTeX-logo-transp25.png Graphic file (type png)

<use images/LaTeX-logo-transp25.png>
Package pdftex.def Info: images/LaTeX-logo-transp25.png used on input line 776.

(pdftex.def)             Requested size: 6.85542pt x 2.84544pt.
 [40

 <D:/Polytech-Nice_Sophia/Elec4/semestre2/projet/DocTeX/slides-latex_Final_v2/i
mages/wiki.png>]
<images/ganttb.png, id=2784, 551.05875pt x 155.07938pt>
File: images/ganttb.png Graphic file (type png)

<use images/ganttb.png>
Package pdftex.def Info: images/ganttb.png used on input line 793.
(pdftex.def)             Requested size: 284.52756pt x 80.0738pt.

<images/gantta.png, id=2785, 555.57562pt x 152.06813pt>
File: images/gantta.png Graphic file (type png)

<use images/gantta.png>
Package pdftex.def Info: images/gantta.png used on input line 793.
(pdftex.def)             Requested size: 284.52756pt x 77.87856pt.

Overfull \vbox (5.17464pt too high) detected at line 793
 []

File: images/LaTeX-logo-transp25.png Graphic file (type png)
<use images/LaTeX-logo-transp25.png>
Package pdftex.def Info: images/LaTeX-logo-transp25.png used on input line 793.

(pdftex.def)             Requested size: 6.85542pt x 2.84544pt.
 [41

 <D:/Polytech-Nice_Sophia/Elec4/semestre2/projet/DocTeX/slides-latex_Final_v2/i
mages/ganttb.png> <D:/Polytech-Nice_Sophia/Elec4/semestre2/projet/DocTeX/slides
-latex_Final_v2/images/gantta.png>]
<images/ganttc.png, id=2851, 526.96875pt x 137.01187pt>
File: images/ganttc.png Graphic file (type png)

<use images/ganttc.png>
Package pdftex.def Info: images/ganttc.png used on input line 805.
(pdftex.def)             Requested size: 298.75394pt x 77.67944pt.
File: images/LaTeX-logo-transp25.png Graphic file (type png)
 <use images/LaTeX-logo-transp25.png>
Package pdftex.def Info: images/LaTeX-logo-transp25.png used on input line 805.

(pdftex.def)             Requested size: 6.85542pt x 2.84544pt.
 [42

 <D:/Polytech-Nice_Sophia/Elec4/semestre2/projet/DocTeX/slides-latex_Final_v2/i
mages/ganttc.png>]
(D:\Polytech-Nice_Sophia\Elec4\semestre2\projet\DocTeX\slides-latex_Final_v2\sl
ideO.toc)
File: images/LaTeX-logo-transp25.png Graphic file (type png)
 <use images/LaTeX-logo-transp25.png>
Package pdftex.def Info: images/LaTeX-logo-transp25.png used on input line 812.

(pdftex.def)             Requested size: 6.85542pt x 2.84544pt.
 [43

]
File: images/LaTeX-logo-transp25.png Graphic file (type png)

<use images/LaTeX-logo-transp25.png>
Package pdftex.def Info: images/LaTeX-logo-transp25.png used on input line 827.

(pdftex.def)             Requested size: 6.85542pt x 2.84544pt.
 [44

]
File: images/LaTeX-logo-transp25.png Graphic file (type png)
 <use images/LaTeX-logo-transp25.png>
Package pdftex.def Info: images/LaTeX-logo-transp25.png used on input line 852.

(pdftex.def)             Requested size: 6.85542pt x 2.84544pt.

[45

] <images/ques.jpg, id=3114, 282.30469pt x 376.40625pt>
File: images/ques.jpg Graphic file (type jpg)

<use images/ques.jpg>
Package pdftex.def Info: images/ques.jpg used on input line 859.
(pdftex.def)             Requested size: 153.64493pt x 204.86452pt.

Overfull \vbox (17.38678pt too high) detected at line 859
 []

File: images/LaTeX-logo-transp25.png Graphic file (type png)
<use images/LaTeX-logo-transp25.png>
Package pdftex.def Info: images/LaTeX-logo-transp25.png used on input line 859.

(pdftex.def)             Requested size: 6.85542pt x 2.84544pt.
 [46

 <D:/Polytech-Nice_Sophia/Elec4/semestre2/projet/DocTeX/slides-latex_Final_v2/i
mages/ques.jpg>]
\tf@nav=\write6
\tf@toc=\write7
\tf@snm=\write8
Package atveryend Info: Empty hook `BeforeClearDocument' on input line 861.
Package atveryend Info: Empty hook `AfterLastShipout' on input line 861.

(D:\Polytech-Nice_Sophia\Elec4\semestre2\projet\DocTeX\slides-latex_Final_v2\sl
ideO.aux)
Package atveryend Info: Executing hook `AtVeryEndDocument' on input line 861.
Package atveryend Info: Executing hook `AtEndAfterFileList' on input line 861.
Package rerunfilecheck Info: File `slideO.out' has not changed.
(rerunfilecheck)             Checksum: 7D859E13BF8DC0DDACBC5F1FF6B4AC89;1377.


LaTeX Font Warning: Size substitutions with differences
(Font)              up to 1.0pt have occurred.

Package atveryend Info: Empty hook `AtVeryVeryEnd' on input line 861.
 ) 
Here is how much of TeX's memory you used:
 20323 strings out of 493921
 354355 string characters out of 3147279
 461392 words of memory out of 3000000
 23054 multiletter control sequences out of 15000+200000
 13914 words of font info for 52 fonts, out of 3000000 for 9000
 841 hyphenation exceptions out of 8191
 49i,19n,65p,490b,801s stack positions out of 5000i,500n,10000p,200000b,50000s
<K:/programs/fonts/type1/public/amsfonts/cm/cmex10.pfb><K:/programs/fonts/typ
e1/public/amsfonts/cmextra/cmex7.pfb><K:/programs/fonts/type1/public/amsfonts/c
m/cmmi10.pfb><K:/programs/fonts/type1/public/amsfonts/cm/cmss10.pfb><K:/program
s/fonts/type1/public/amsfonts/cm/cmss12.pfb><K:/programs/fonts/type1/public/ams
fonts/cm/cmss8.pfb><K:/programs/fonts/type1/public/amsfonts/cm/cmssbx10.pfb><K:
/programs/fonts/type1/public/amsfonts/cm/cmssi10.pfb><K:/programs/fonts/type1/p
ublic/amsfonts/cm/cmssi8.pfb><K:/programs/fonts/type1/public/amsfonts/cm/cmsy10
.pfb>
Output written on slideO.pdf (46 pages, 14213108 bytes).
PDF statistics:
 3235 PDF objects out of 3580 (max. 8388607)
 103 named destinations out of 1000 (max. 500000)
 370 words of extra memory for PDF output out of 10000 (max. 10000000)

