06/06/2015 23:55:01 Début
06/06/2015 23:55:01 Début boucle
06/06/2015 23:55:01 Fin traitement table abonnement
06/06/2015 23:55:17 Fin traitement table adherent
06/06/2015 23:55:30 Fin traitement table adherent_20130606
06/06/2015 23:56:11 Fin traitement table adherent_annonce
06/06/2015 23:56:26 Fin traitement table alerte
06/06/2015 23:56:38 Fin traitement table alerte_20130709
06/06/2015 23:56:54 Fin traitement table alerte_type
06/06/2015 23:56:57 Fin traitement table allopass
07/06/2015 00:45:26 Fin traitement table annonce
07/06/2015 00:47:22 Fin traitement table annonce_archive
07/06/2015 00:47:26 Fin traitement table annonce_email
07/06/2015 00:48:14 Fin traitement table annonce_telephone
07/06/2015 00:48:14 Fin traitement table banniere_cn
07/06/2015 00:48:14 Fin traitement table bash_informations
07/06/2015 00:48:14 Fin traitement table bash_informations_execution
07/06/2015 00:48:14 Fin traitement table bash_metrics
07/06/2015 00:48:22 Fin traitement table code
07/06/2015 00:48:22 Fin traitement table code_log
07/06/2015 00:48:23 Fin traitement table departement
07/06/2015 00:48:23 Fin traitement table enquete
07/06/2015 00:48:28 Fin traitement table exclusion
07/06/2015 00:48:28 Fin traitement table facture
07/06/2015 00:48:28 Fin traitement table facture_code
07/06/2015 00:48:29 Fin traitement table facture_ligne
07/06/2015 00:48:29 Fin traitement table hardbounce
07/06/2015 00:48:31 Fin traitement table liste
07/06/2015 00:48:31 Fin traitement table localisation_recherche
07/06/2015 00:48:31 Fin traitement table metric
07/06/2015 00:48:31 Fin traitement table preference
07/06/2015 00:48:31 Fin traitement table provenance
07/06/2015 00:48:31 Fin traitement table region
07/06/2015 00:48:31 Fin traitement table replybounce
07/06/2015 00:48:31 Fin traitement table softbounce
07/06/2015 00:48:31 Fin traitement table spool_abonnement
07/06/2015 00:48:31 Fin traitement table spool_aide
07/06/2015 00:48:31 Fin traitement table spool_alerte
07/06/2015 00:48:31 Fin traitement table spool_optimisation
07/06/2015 00:48:31 Fin traitement table spool_rappel
07/06/2015 00:48:31 Fin traitement table spool_veille
07/06/2015 00:48:31 Fin traitement table spool_vieux
07/06/2015 00:48:31 Fin traitement table statistiques_adherent
07/06/2015 00:48:31 Fin traitement table statistiques_alerte
07/06/2015 00:48:31 Fin traitement table statistiques_alerte_tmp
07/06/2015 00:48:31 Fin traitement table statistiques_annonce
07/06/2015 00:48:31 Fin traitement table statistiques_liste
07/06/2015 00:48:35 Fin traitement table statistiques_mail
07/06/2015 00:48:35 Fin traitement table tarif_abonnement
07/06/2015 00:48:35 Fin traitement table tarif_forfait
07/06/2015 00:48:35 Fin traitement table temp
07/06/2015 00:48:35 Fin traitement table temp2
07/06/2015 00:48:35 Fin traitement table type
07/06/2015 00:48:35 Fin traitement table unscribebounce
07/06/2015 00:48:36 Fin traitement table ville
07/06/2015 00:48:37 Fin traitement table ville_tmp
07/06/2015 00:48:37 Fin traitement table vue_adherent
07/06/2015 00:48:37 Fin traitement table vue_alerte
07/06/2015 00:48:37 Fin traitement table vue_annonce
07/06/2015 00:48:37 Fin traitement table vue_liste
07/06/2015 00:48:38 Fin traitement table wha
07/06/2015 00:48:38 Fin boucle
07/06/2015 00:48:38 Fin
